
  .   ____          _            __ _ _
 /\\ / ___'_ __ _ _(_)_ __  __ _ \ \ \ \
( ( )\___ | '_ | '_| | '_ \/ _` | \ \ \ \
 \\/  ___)| |_)| | | | | || (_| |  ) ) ) )
  '  |____| .__|_| |_|_| |_\__, | / / / /
 =========|_|==============|___/=/_/_/_/
 :: Spring Boot ::        (v2.2.1.RELEASE)


  .   ____          _            __ _ _
 /\\ / ___'_ __ _ _(_)_ __  __ _ \ \ \ \
( ( )\___ | '_ | '_| | '_ \/ _` | \ \ \ \
 \\/  ___)| |_)| | | | | || (_| |  ) ) ) )
  '  |____| .__|_| |_|_| |_\__, | / / / /
 =========|_|==============|___/=/_/_/_/
 :: Spring Boot ::        (v2.2.1.RELEASE)


  .   ____          _            __ _ _
 /\\ / ___'_ __ _ _(_)_ __  __ _ \ \ \ \
( ( )\___ | '_ | '_| | '_ \/ _` | \ \ \ \
 \\/  ___)| |_)| | | | | || (_| |  ) ) ) )
  '  |____| .__|_| |_|_| |_\__, | / / / /
 =========|_|==============|___/=/_/_/_/
 :: Spring Boot ::        (v2.2.1.RELEASE)

Consumed JSON Message: Message(magKey=null, msgVal=value2)
Consumed JSON Message: Message(magKey=null, msgVal=test value)
Consumed JSON Message: Message(magKey=null, msgVal=test value)
Consumed JSON Message: Message(magKey=null, msgVal=test value)
Consumed JSON Message: Message(magKey=null, msgVal=test value)
Consumed JSON Message: Message(magKey=null, msgVal=test value)
Consumed JSON Message: Message(magKey=null, msgVal=test value)
Consumed JSON Message: Message(magKey=null, msgVal=test value)

  .   ____          _            __ _ _
 /\\ / ___'_ __ _ _(_)_ __  __ _ \ \ \ \
( ( )\___ | '_ | '_| | '_ \/ _` | \ \ \ \
 \\/  ___)| |_)| | | | | || (_| |  ) ) ) )
  '  |____| .__|_| |_|_| |_\__, | / / / /
 =========|_|==============|___/=/_/_/_/
 :: Spring Boot ::        (v2.2.1.RELEASE)

Consumed JSON Message: Message(magKey=null, msgVal=test value)
Consumed JSON Message: Message(magKey=null, msgVal=test value)
Consumed JSON Message: Message(magKey=null, msgVal=test value)

  .   ____          _            __ _ _
 /\\ / ___'_ __ _ _(_)_ __  __ _ \ \ \ \
( ( )\___ | '_ | '_| | '_ \/ _` | \ \ \ \
 \\/  ___)| |_)| | | | | || (_| |  ) ) ) )
  '  |____| .__|_| |_|_| |_\__, | / / / /
 =========|_|==============|___/=/_/_/_/
 :: Spring Boot ::        (v2.2.1.RELEASE)

Consumed JSON Message: Message(magKey=null, msgVal=test value)
Consumed JSON Message: Message(magKey=null, msgVal=test value)
Consumed JSON Message: Message(magKey=null, msgVal=test value)

  .   ____          _            __ _ _
 /\\ / ___'_ __ _ _(_)_ __  __ _ \ \ \ \
( ( )\___ | '_ | '_| | '_ \/ _` | \ \ \ \
 \\/  ___)| |_)| | | | | || (_| |  ) ) ) )
  '  |____| .__|_| |_|_| |_\__, | / / / /
 =========|_|==============|___/=/_/_/_/
 :: Spring Boot ::        (v2.2.1.RELEASE)

Consumed JSON Message: Message(magKey=null, msgVal=test value)
Consumed JSON Message: Message(magKey=null, msgVal=test value)
Consumed JSON Message: Message(magKey=null, msgVal=test value)

  .   ____          _            __ _ _
 /\\ / ___'_ __ _ _(_)_ __  __ _ \ \ \ \
( ( )\___ | '_ | '_| | '_ \/ _` | \ \ \ \
 \\/  ___)| |_)| | | | | || (_| |  ) ) ) )
  '  |____| .__|_| |_|_| |_\__, | / / / /
 =========|_|==============|___/=/_/_/_/
 :: Spring Boot ::        (v2.2.1.RELEASE)

Consumed JSON Message: Message(msgKey=test, msgVal=test value)
Consumed JSON Message: Message(msgKey=test, msgVal=test value)
Consumed JSON Message: Message(msgKey=test, msgVal=test value)

  .   ____          _            __ _ _
 /\\ / ___'_ __ _ _(_)_ __  __ _ \ \ \ \
( ( )\___ | '_ | '_| | '_ \/ _` | \ \ \ \
 \\/  ___)| |_)| | | | | || (_| |  ) ) ) )
  '  |____| .__|_| |_|_| |_\__, | / / / /
 =========|_|==============|___/=/_/_/_/
 :: Spring Boot ::        (v2.2.1.RELEASE)

Consumed JSON Message: Message(msgKey=RUN, msgVal=RUN Commande)
Consumed JSON Message: Message(msgKey=RUN, msgVal=RUN Commande)
Consumed JSON Message: Message(msgKey=RUN, msgVal=RUN Commande)

  .   ____          _            __ _ _
 /\\ / ___'_ __ _ _(_)_ __  __ _ \ \ \ \
( ( )\___ | '_ | '_| | '_ \/ _` | \ \ \ \
 \\/  ___)| |_)| | | | | || (_| |  ) ) ) )
  '  |____| .__|_| |_|_| |_\__, | / / / /
 =========|_|==============|___/=/_/_/_/
 :: Spring Boot ::        (v2.2.1.RELEASE)

Consumed JSON Message: Message(msgKey=RUN, msgVal=RUN Commande)
Consumed JSON Message: Message(msgKey=RUN, msgVal=RUN Commande)
Consumed JSON Message: Message(msgKey=RUN, msgVal=RUN Commande)
Error: Unable to access jarfile target/Kafka-Producer-0.8.0.jar

  .   ____          _            __ _ _
 /\\ / ___'_ __ _ _(_)_ __  __ _ \ \ \ \
( ( )\___ | '_ | '_| | '_ \/ _` | \ \ \ \
 \\/  ___)| |_)| | | | | || (_| |  ) ) ) )
  '  |____| .__|_| |_|_| |_\__, | / / / /
 =========|_|==============|___/=/_/_/_/
 :: Spring Boot ::        (v2.2.1.RELEASE)

Consumed JSON Message: Message(msgKey=RUN, msgVal=RUN Commande 2)
Consumed JSON Message: Message(msgKey=RUN, msgVal=RUN Commande 2)
Consumed JSON Message: Message(msgKey=RUN, msgVal=RUN Commande 2)
Consumed JSON Message: Message(msgKey=Weather, msgVal=weather info data temp 30 degree)
Consumed JSON Message: Message(msgKey=Weather, msgVal=weather info data temp 30 degree)
Consumed JSON Message: Message(msgKey=Weather, msgVal=weather info data temp 30 degree)

  .   ____          _            __ _ _
 /\\ / ___'_ __ _ _(_)_ __  __ _ \ \ \ \
( ( )\___ | '_ | '_| | '_ \/ _` | \ \ \ \
 \\/  ___)| |_)| | | | | || (_| |  ) ) ) )
  '  |____| .__|_| |_|_| |_\__, | / / / /
 =========|_|==============|___/=/_/_/_/
 :: Spring Boot ::        (v2.2.1.RELEASE)

Consumed JSON Message: Message(msgKey=Weather, msgVal=weather info data temp 40 degree)
Consumed JSON Message: Message(msgKey=Weather, msgVal=weather info data temp 40 degree)
Consumed JSON Message: Message(msgKey=Weather, msgVal=weather info data temp 40 degree)
Consumed JSON Message: Message(msgKey=Weather, msgVal=weather info data temp 50 degree)
Consumed JSON Message: Message(msgKey=Weather, msgVal=weather info data temp 50 degree)
Consumed JSON Message: Message(msgKey=Weather, msgVal=weather info data temp 50 degree)
Consumed JSON Message: Message(msgKey=Weather, msgVal=weather info data temp 50 degree)
Consumed JSON Message: Message(msgKey=Weather, msgVal=weather info data temp 50 degree)
Consumed JSON Message: Message(msgKey=Weather, msgVal=weather info data temp 50 degree)
